2023-08-15 21:21:01,651 :INFO : WDM :====== WebDriver manager ======
2023-08-15 21:21:02,478 :INFO : WDM :Get LATEST chromedriver version for google-chrome
2023-08-15 21:21:02,478 :INFO : WDM :Get LATEST chromedriver version for google-chrome
2023-08-15 21:21:02,478 :INFO : WDM :There is no [win64] chromedriver "115.0.5790.171" for browser google-chrome "115.0.5790.171" in cache
2023-08-15 21:21:02,478 :INFO : WDM :Get LATEST chromedriver version for google-chrome
2023-08-15 21:21:02,598 :INFO : WDM :WebDriver version 115.0.5790.170 selected
2023-08-15 21:21:02,599 :INFO : WDM :Modern chrome version https://edgedl.me.gvt1.com/edgedl/chrome/chrome-for-testing/115.0.5790.170/win32/chromedriver-win32.zip
2023-08-15 21:21:02,599 :INFO : WDM :About to download new driver from https://edgedl.me.gvt1.com/edgedl/chrome/chrome-for-testing/115.0.5790.170/win32/chromedriver-win32.zip
2023-08-15 21:21:02,887 :INFO : WDM :Driver downloading response is 200
2023-08-15 21:21:03,581 :INFO : WDM :Get LATEST chromedriver version for google-chrome
2023-08-15 21:21:03,681 :INFO : WDM :Driver has been saved in cache [C:\Users\Harish kumar\.wdm\drivers\chromedriver\win64\115.0.5790.171]
2023-08-15 21:21:06,109 :INFO : root :****Verifying home page title****
2023-08-15 21:21:06,291 :INFO : root :****Home page titile passed****
2023-08-15 21:21:08,477 :INFO : WDM :====== WebDriver manager ======
2023-08-15 21:21:09,484 :INFO : WDM :Get LATEST chromedriver version for google-chrome
2023-08-15 21:21:09,484 :INFO : WDM :Get LATEST chromedriver version for google-chrome
2023-08-15 21:21:09,484 :INFO : WDM :There is no [win64] chromedriver "115.0.5790.171" for browser google-chrome "115.0.5790.171" in cache
2023-08-15 21:21:09,484 :INFO : WDM :Get LATEST chromedriver version for google-chrome
2023-08-15 21:21:09,578 :INFO : WDM :WebDriver version 115.0.5790.170 selected
2023-08-15 21:21:09,579 :INFO : WDM :Modern chrome version https://edgedl.me.gvt1.com/edgedl/chrome/chrome-for-testing/115.0.5790.170/win32/chromedriver-win32.zip
2023-08-15 21:21:09,579 :INFO : WDM :About to download new driver from https://edgedl.me.gvt1.com/edgedl/chrome/chrome-for-testing/115.0.5790.170/win32/chromedriver-win32.zip
2023-08-15 21:21:09,755 :INFO : WDM :Driver downloading response is 200
2023-08-15 21:21:10,322 :INFO : WDM :Get LATEST chromedriver version for google-chrome
2023-08-15 21:21:10,421 :INFO : WDM :Driver has been saved in cache [C:\Users\Harish kumar\.wdm\drivers\chromedriver\win64\115.0.5790.171]
2023-08-15 21:21:21,633 :INFO : WDM :====== WebDriver manager ======
2023-08-15 21:21:22,762 :INFO : WDM :Get LATEST chromedriver version for google-chrome
2023-08-15 21:21:22,762 :INFO : WDM :Get LATEST chromedriver version for google-chrome
2023-08-15 21:21:22,763 :INFO : WDM :There is no [win64] chromedriver "115.0.5790.171" for browser google-chrome "115.0.5790.171" in cache
2023-08-15 21:21:22,763 :INFO : WDM :Get LATEST chromedriver version for google-chrome
2023-08-15 21:21:22,865 :INFO : WDM :WebDriver version 115.0.5790.170 selected
2023-08-15 21:21:22,867 :INFO : WDM :Modern chrome version https://edgedl.me.gvt1.com/edgedl/chrome/chrome-for-testing/115.0.5790.170/win32/chromedriver-win32.zip
2023-08-15 21:21:22,868 :INFO : WDM :About to download new driver from https://edgedl.me.gvt1.com/edgedl/chrome/chrome-for-testing/115.0.5790.170/win32/chromedriver-win32.zip
2023-08-15 21:21:23,089 :INFO : WDM :Driver downloading response is 200
2023-08-15 21:21:23,641 :INFO : WDM :Get LATEST chromedriver version for google-chrome
2023-08-15 21:21:23,748 :INFO : WDM :Driver has been saved in cache [C:\Users\Harish kumar\.wdm\drivers\chromedriver\win64\115.0.5790.171]
2023-08-15 21:28:00,826 :INFO : WDM :====== WebDriver manager ======
2023-08-15 21:28:01,611 :INFO : WDM :Get LATEST chromedriver version for google-chrome
2023-08-15 21:28:01,612 :INFO : WDM :Get LATEST chromedriver version for google-chrome
2023-08-15 21:28:01,612 :INFO : WDM :There is no [win64] chromedriver "115.0.5790.171" for browser google-chrome "115.0.5790.171" in cache
2023-08-15 21:28:01,612 :INFO : WDM :Get LATEST chromedriver version for google-chrome
2023-08-15 21:28:01,721 :INFO : WDM :WebDriver version 115.0.5790.170 selected
2023-08-15 21:28:01,723 :INFO : WDM :Modern chrome version https://edgedl.me.gvt1.com/edgedl/chrome/chrome-for-testing/115.0.5790.170/win32/chromedriver-win32.zip
2023-08-15 21:28:01,723 :INFO : WDM :About to download new driver from https://edgedl.me.gvt1.com/edgedl/chrome/chrome-for-testing/115.0.5790.170/win32/chromedriver-win32.zip
2023-08-15 21:28:01,880 :INFO : WDM :Driver downloading response is 200
2023-08-15 21:28:02,517 :INFO : WDM :Get LATEST chromedriver version for google-chrome
2023-08-15 21:28:02,622 :INFO : WDM :Driver has been saved in cache [C:\Users\Harish kumar\.wdm\drivers\chromedriver\win64\115.0.5790.171]
2023-08-15 21:28:05,698 :INFO : root :****Verifying home page title****
2023-08-15 21:28:05,896 :INFO : root :****Home page titile passed****
2023-08-15 21:28:08,051 :INFO : WDM :====== WebDriver manager ======
2023-08-15 21:28:09,078 :INFO : WDM :Get LATEST chromedriver version for google-chrome
2023-08-15 21:28:09,078 :INFO : WDM :Get LATEST chromedriver version for google-chrome
2023-08-15 21:28:09,078 :INFO : WDM :There is no [win64] chromedriver "115.0.5790.171" for browser google-chrome "115.0.5790.171" in cache
2023-08-15 21:28:09,078 :INFO : WDM :Get LATEST chromedriver version for google-chrome
2023-08-15 21:28:09,185 :INFO : WDM :WebDriver version 115.0.5790.170 selected
2023-08-15 21:28:09,186 :INFO : WDM :Modern chrome version https://edgedl.me.gvt1.com/edgedl/chrome/chrome-for-testing/115.0.5790.170/win32/chromedriver-win32.zip
2023-08-15 21:28:09,187 :INFO : WDM :About to download new driver from https://edgedl.me.gvt1.com/edgedl/chrome/chrome-for-testing/115.0.5790.170/win32/chromedriver-win32.zip
2023-08-15 21:28:09,511 :INFO : WDM :Driver downloading response is 200
2023-08-15 21:28:10,097 :INFO : WDM :Get LATEST chromedriver version for google-chrome
2023-08-15 21:28:10,189 :INFO : WDM :Driver has been saved in cache [C:\Users\Harish kumar\.wdm\drivers\chromedriver\win64\115.0.5790.171]
2023-08-15 21:28:21,805 :INFO : WDM :====== WebDriver manager ======
2023-08-15 21:28:22,957 :INFO : WDM :Get LATEST chromedriver version for google-chrome
2023-08-15 21:28:22,957 :INFO : WDM :Get LATEST chromedriver version for google-chrome
2023-08-15 21:28:22,957 :INFO : WDM :There is no [win64] chromedriver "115.0.5790.171" for browser google-chrome "115.0.5790.171" in cache
2023-08-15 21:28:22,957 :INFO : WDM :Get LATEST chromedriver version for google-chrome
2023-08-15 21:28:23,056 :INFO : WDM :WebDriver version 115.0.5790.170 selected
2023-08-15 21:28:23,058 :INFO : WDM :Modern chrome version https://edgedl.me.gvt1.com/edgedl/chrome/chrome-for-testing/115.0.5790.170/win32/chromedriver-win32.zip
2023-08-15 21:28:23,058 :INFO : WDM :About to download new driver from https://edgedl.me.gvt1.com/edgedl/chrome/chrome-for-testing/115.0.5790.170/win32/chromedriver-win32.zip
2023-08-15 21:28:23,233 :INFO : WDM :Driver downloading response is 200
2023-08-15 21:28:24,118 :INFO : WDM :Get LATEST chromedriver version for google-chrome
2023-08-15 21:28:24,219 :INFO : WDM :Driver has been saved in cache [C:\Users\Harish kumar\.wdm\drivers\chromedriver\win64\115.0.5790.171]
2023-08-15 21:29:20,724 :INFO : WDM :====== WebDriver manager ======
2023-08-15 21:29:21,512 :INFO : WDM :Get LATEST chromedriver version for google-chrome
2023-08-15 21:29:21,513 :INFO : WDM :Get LATEST chromedriver version for google-chrome
2023-08-15 21:29:21,513 :INFO : WDM :There is no [win64] chromedriver "115.0.5790.171" for browser google-chrome "115.0.5790.171" in cache
2023-08-15 21:29:21,513 :INFO : WDM :Get LATEST chromedriver version for google-chrome
2023-08-15 21:29:21,644 :INFO : WDM :WebDriver version 115.0.5790.170 selected
2023-08-15 21:29:21,646 :INFO : WDM :Modern chrome version https://edgedl.me.gvt1.com/edgedl/chrome/chrome-for-testing/115.0.5790.170/win32/chromedriver-win32.zip
2023-08-15 21:29:21,646 :INFO : WDM :About to download new driver from https://edgedl.me.gvt1.com/edgedl/chrome/chrome-for-testing/115.0.5790.170/win32/chromedriver-win32.zip
2023-08-15 21:29:22,010 :INFO : WDM :Driver downloading response is 200
2023-08-15 21:29:22,677 :INFO : WDM :Get LATEST chromedriver version for google-chrome
2023-08-15 21:29:22,781 :INFO : WDM :Driver has been saved in cache [C:\Users\Harish kumar\.wdm\drivers\chromedriver\win64\115.0.5790.171]
2023-08-15 21:29:24,999 :INFO : root :****Verifying home page title****
2023-08-15 21:29:25,203 :INFO : root :****Home page titile passed****
2023-08-15 21:29:27,380 :INFO : WDM :====== WebDriver manager ======
2023-08-15 21:29:28,440 :INFO : WDM :Get LATEST chromedriver version for google-chrome
2023-08-15 21:29:28,441 :INFO : WDM :Get LATEST chromedriver version for google-chrome
2023-08-15 21:29:28,441 :INFO : WDM :There is no [win64] chromedriver "115.0.5790.171" for browser google-chrome "115.0.5790.171" in cache
2023-08-15 21:29:28,441 :INFO : WDM :Get LATEST chromedriver version for google-chrome
2023-08-15 21:29:28,546 :INFO : WDM :WebDriver version 115.0.5790.170 selected
2023-08-15 21:29:28,548 :INFO : WDM :Modern chrome version https://edgedl.me.gvt1.com/edgedl/chrome/chrome-for-testing/115.0.5790.170/win32/chromedriver-win32.zip
2023-08-15 21:29:28,548 :INFO : WDM :About to download new driver from https://edgedl.me.gvt1.com/edgedl/chrome/chrome-for-testing/115.0.5790.170/win32/chromedriver-win32.zip
2023-08-15 21:29:28,789 :INFO : WDM :Driver downloading response is 200
2023-08-15 21:29:29,362 :INFO : WDM :Get LATEST chromedriver version for google-chrome
2023-08-15 21:29:29,473 :INFO : WDM :Driver has been saved in cache [C:\Users\Harish kumar\.wdm\drivers\chromedriver\win64\115.0.5790.171]
2023-08-15 21:29:40,989 :INFO : WDM :====== WebDriver manager ======
2023-08-15 21:29:42,170 :INFO : WDM :Get LATEST chromedriver version for google-chrome
2023-08-15 21:29:42,171 :INFO : WDM :Get LATEST chromedriver version for google-chrome
2023-08-15 21:29:42,171 :INFO : WDM :There is no [win64] chromedriver "115.0.5790.171" for browser google-chrome "115.0.5790.171" in cache
2023-08-15 21:29:42,171 :INFO : WDM :Get LATEST chromedriver version for google-chrome
2023-08-15 21:29:42,274 :INFO : WDM :WebDriver version 115.0.5790.170 selected
2023-08-15 21:29:42,277 :INFO : WDM :Modern chrome version https://edgedl.me.gvt1.com/edgedl/chrome/chrome-for-testing/115.0.5790.170/win32/chromedriver-win32.zip
2023-08-15 21:29:42,277 :INFO : WDM :About to download new driver from https://edgedl.me.gvt1.com/edgedl/chrome/chrome-for-testing/115.0.5790.170/win32/chromedriver-win32.zip
2023-08-15 21:29:42,541 :INFO : WDM :Driver downloading response is 200
2023-08-15 21:29:43,034 :INFO : WDM :Get LATEST chromedriver version for google-chrome
2023-08-15 21:29:43,149 :INFO : WDM :Driver has been saved in cache [C:\Users\Harish kumar\.wdm\drivers\chromedriver\win64\115.0.5790.171]
2023-08-15 21:35:55,604 :INFO : WDM :====== WebDriver manager ======
2023-08-15 21:35:56,428 :INFO : WDM :Get LATEST chromedriver version for google-chrome
2023-08-15 21:35:56,429 :INFO : WDM :Get LATEST chromedriver version for google-chrome
2023-08-15 21:35:56,429 :INFO : WDM :There is no [win64] chromedriver "115.0.5790.171" for browser google-chrome "115.0.5790.171" in cache
2023-08-15 21:35:56,429 :INFO : WDM :Get LATEST chromedriver version for google-chrome
2023-08-15 21:35:56,908 :INFO : WDM :WebDriver version 115.0.5790.170 selected
2023-08-15 21:35:56,910 :INFO : WDM :Modern chrome version https://edgedl.me.gvt1.com/edgedl/chrome/chrome-for-testing/115.0.5790.170/win32/chromedriver-win32.zip
2023-08-15 21:35:56,910 :INFO : WDM :About to download new driver from https://edgedl.me.gvt1.com/edgedl/chrome/chrome-for-testing/115.0.5790.170/win32/chromedriver-win32.zip
2023-08-15 21:35:57,440 :INFO : WDM :Driver downloading response is 200
2023-08-15 21:35:58,129 :INFO : WDM :Get LATEST chromedriver version for google-chrome
2023-08-15 21:35:58,237 :INFO : WDM :Driver has been saved in cache [C:\Users\Harish kumar\.wdm\drivers\chromedriver\win64\115.0.5790.171]
2023-08-15 21:36:02,468 :INFO : root :****Verifying home page title****
2023-08-15 21:36:05,016 :INFO : WDM :====== WebDriver manager ======
2023-08-15 21:36:06,240 :INFO : WDM :Get LATEST chromedriver version for google-chrome
2023-08-15 21:36:06,242 :INFO : WDM :Get LATEST chromedriver version for google-chrome
2023-08-15 21:36:06,242 :INFO : WDM :There is no [win64] chromedriver "115.0.5790.171" for browser google-chrome "115.0.5790.171" in cache
2023-08-15 21:36:06,242 :INFO : WDM :Get LATEST chromedriver version for google-chrome
2023-08-15 21:36:06,345 :INFO : WDM :WebDriver version 115.0.5790.170 selected
2023-08-15 21:36:06,347 :INFO : WDM :Modern chrome version https://edgedl.me.gvt1.com/edgedl/chrome/chrome-for-testing/115.0.5790.170/win32/chromedriver-win32.zip
2023-08-15 21:36:06,347 :INFO : WDM :About to download new driver from https://edgedl.me.gvt1.com/edgedl/chrome/chrome-for-testing/115.0.5790.170/win32/chromedriver-win32.zip
2023-08-15 21:36:06,690 :INFO : WDM :Driver downloading response is 200
2023-08-15 21:36:07,368 :INFO : WDM :Get LATEST chromedriver version for google-chrome
2023-08-15 21:36:07,480 :INFO : WDM :Driver has been saved in cache [C:\Users\Harish kumar\.wdm\drivers\chromedriver\win64\115.0.5790.171]
2023-08-15 21:36:18,928 :INFO : WDM :====== WebDriver manager ======
2023-08-15 21:36:20,192 :INFO : WDM :Get LATEST chromedriver version for google-chrome
2023-08-15 21:36:20,192 :INFO : WDM :Get LATEST chromedriver version for google-chrome
2023-08-15 21:36:20,193 :INFO : WDM :There is no [win64] chromedriver "115.0.5790.171" for browser google-chrome "115.0.5790.171" in cache
2023-08-15 21:36:20,193 :INFO : WDM :Get LATEST chromedriver version for google-chrome
2023-08-15 21:36:20,291 :INFO : WDM :WebDriver version 115.0.5790.170 selected
2023-08-15 21:36:20,293 :INFO : WDM :Modern chrome version https://edgedl.me.gvt1.com/edgedl/chrome/chrome-for-testing/115.0.5790.170/win32/chromedriver-win32.zip
2023-08-15 21:36:20,294 :INFO : WDM :About to download new driver from https://edgedl.me.gvt1.com/edgedl/chrome/chrome-for-testing/115.0.5790.170/win32/chromedriver-win32.zip
2023-08-15 21:36:20,559 :INFO : WDM :Driver downloading response is 200
2023-08-15 21:36:21,343 :INFO : WDM :Get LATEST chromedriver version for google-chrome
2023-08-15 21:36:21,471 :INFO : WDM :Driver has been saved in cache [C:\Users\Harish kumar\.wdm\drivers\chromedriver\win64\115.0.5790.171]
2023-08-15 21:48:20,262 :INFO : WDM :====== WebDriver manager ======
2023-08-15 21:48:21,063 :INFO : WDM :Get LATEST chromedriver version for google-chrome
2023-08-15 21:48:21,064 :INFO : WDM :Get LATEST chromedriver version for google-chrome
2023-08-15 21:48:21,064 :INFO : WDM :There is no [win64] chromedriver "115.0.5790.171" for browser google-chrome "115.0.5790.171" in cache
2023-08-15 21:48:21,064 :INFO : WDM :Get LATEST chromedriver version for google-chrome
2023-08-15 21:48:21,181 :INFO : WDM :WebDriver version 115.0.5790.170 selected
2023-08-15 21:48:21,183 :INFO : WDM :Modern chrome version https://edgedl.me.gvt1.com/edgedl/chrome/chrome-for-testing/115.0.5790.170/win32/chromedriver-win32.zip
2023-08-15 21:48:21,183 :INFO : WDM :About to download new driver from https://edgedl.me.gvt1.com/edgedl/chrome/chrome-for-testing/115.0.5790.170/win32/chromedriver-win32.zip
2023-08-15 21:48:21,337 :INFO : WDM :Driver downloading response is 200
2023-08-15 21:48:21,943 :INFO : WDM :Get LATEST chromedriver version for google-chrome
2023-08-15 21:48:22,042 :INFO : WDM :Driver has been saved in cache [C:\Users\Harish kumar\.wdm\drivers\chromedriver\win64\115.0.5790.171]
2023-08-15 21:48:24,230 :INFO : root :****Verifying home page title****
2023-08-15 21:48:26,737 :INFO : WDM :====== WebDriver manager ======
2023-08-15 21:48:27,741 :INFO : WDM :Get LATEST chromedriver version for google-chrome
2023-08-15 21:48:27,742 :INFO : WDM :Get LATEST chromedriver version for google-chrome
2023-08-15 21:48:27,742 :INFO : WDM :There is no [win64] chromedriver "115.0.5790.171" for browser google-chrome "115.0.5790.171" in cache
2023-08-15 21:48:27,742 :INFO : WDM :Get LATEST chromedriver version for google-chrome
2023-08-15 21:48:27,845 :INFO : WDM :WebDriver version 115.0.5790.170 selected
2023-08-15 21:48:27,847 :INFO : WDM :Modern chrome version https://edgedl.me.gvt1.com/edgedl/chrome/chrome-for-testing/115.0.5790.170/win32/chromedriver-win32.zip
2023-08-15 21:48:27,847 :INFO : WDM :About to download new driver from https://edgedl.me.gvt1.com/edgedl/chrome/chrome-for-testing/115.0.5790.170/win32/chromedriver-win32.zip
2023-08-15 21:48:28,007 :INFO : WDM :Driver downloading response is 200
2023-08-15 21:48:28,555 :INFO : WDM :Get LATEST chromedriver version for google-chrome
2023-08-15 21:48:28,648 :INFO : WDM :Driver has been saved in cache [C:\Users\Harish kumar\.wdm\drivers\chromedriver\win64\115.0.5790.171]
2023-08-15 21:48:40,849 :INFO : WDM :====== WebDriver manager ======
2023-08-15 21:48:42,007 :INFO : WDM :Get LATEST chromedriver version for google-chrome
2023-08-15 21:48:42,009 :INFO : WDM :Get LATEST chromedriver version for google-chrome
2023-08-15 21:48:42,009 :INFO : WDM :There is no [win64] chromedriver "115.0.5790.171" for browser google-chrome "115.0.5790.171" in cache
2023-08-15 21:48:42,009 :INFO : WDM :Get LATEST chromedriver version for google-chrome
2023-08-15 21:48:42,108 :INFO : WDM :WebDriver version 115.0.5790.170 selected
2023-08-15 21:48:42,112 :INFO : WDM :Modern chrome version https://edgedl.me.gvt1.com/edgedl/chrome/chrome-for-testing/115.0.5790.170/win32/chromedriver-win32.zip
2023-08-15 21:48:42,112 :INFO : WDM :About to download new driver from https://edgedl.me.gvt1.com/edgedl/chrome/chrome-for-testing/115.0.5790.170/win32/chromedriver-win32.zip
2023-08-15 21:48:42,226 :INFO : WDM :Driver downloading response is 200
2023-08-15 21:48:42,816 :INFO : WDM :Get LATEST chromedriver version for google-chrome
2023-08-15 21:48:42,924 :INFO : WDM :Driver has been saved in cache [C:\Users\Harish kumar\.wdm\drivers\chromedriver\win64\115.0.5790.171]
2023-08-17 20:54:02,895 :INFO : WDM :====== WebDriver manager ======
2023-08-17 20:54:03,837 :INFO : WDM :Get LATEST chromedriver version for google-chrome
2023-08-17 20:54:03,838 :INFO : WDM :Get LATEST chromedriver version for google-chrome
2023-08-17 20:54:03,838 :INFO : WDM :There is no [win64] chromedriver "116.0.5845.96" for browser google-chrome "116.0.5845.96" in cache
2023-08-17 20:54:03,838 :INFO : WDM :Get LATEST chromedriver version for google-chrome
2023-08-17 20:54:04,204 :INFO : WDM :WebDriver version 116.0.5845.96 selected
2023-08-17 20:54:04,205 :INFO : WDM :Modern chrome version https://edgedl.me.gvt1.com/edgedl/chrome/chrome-for-testing/116.0.5845.96/win32/chromedriver-win32.zip
2023-08-17 20:54:04,205 :INFO : WDM :About to download new driver from https://edgedl.me.gvt1.com/edgedl/chrome/chrome-for-testing/116.0.5845.96/win32/chromedriver-win32.zip
2023-08-17 20:54:04,456 :INFO : WDM :Driver downloading response is 200
2023-08-17 20:54:05,728 :INFO : WDM :Get LATEST chromedriver version for google-chrome
2023-08-17 20:54:05,816 :INFO : WDM :Driver has been saved in cache [C:\Users\Harish kumar\.wdm\drivers\chromedriver\win64\116.0.5845.96]
2023-08-17 20:54:11,804 :INFO : root :****Verifying home page title****
2023-08-17 20:54:11,864 :INFO : root :****Home page titile passed****
2023-08-17 20:54:13,937 :INFO : WDM :====== WebDriver manager ======
2023-08-17 20:54:14,949 :INFO : WDM :Get LATEST chromedriver version for google-chrome
2023-08-17 20:54:14,950 :INFO : WDM :Get LATEST chromedriver version for google-chrome
2023-08-17 20:54:14,951 :INFO : WDM :There is no [win64] chromedriver "116.0.5845.96" for browser google-chrome "116.0.5845.96" in cache
2023-08-17 20:54:14,951 :INFO : WDM :Get LATEST chromedriver version for google-chrome
2023-08-17 20:54:15,162 :INFO : WDM :WebDriver version 116.0.5845.96 selected
2023-08-17 20:54:15,165 :INFO : WDM :Modern chrome version https://edgedl.me.gvt1.com/edgedl/chrome/chrome-for-testing/116.0.5845.96/win32/chromedriver-win32.zip
2023-08-17 20:54:15,165 :INFO : WDM :About to download new driver from https://edgedl.me.gvt1.com/edgedl/chrome/chrome-for-testing/116.0.5845.96/win32/chromedriver-win32.zip
2023-08-17 20:54:15,350 :INFO : WDM :Driver downloading response is 200
2023-08-17 20:54:16,542 :INFO : WDM :Get LATEST chromedriver version for google-chrome
2023-08-17 20:54:16,651 :INFO : WDM :Driver has been saved in cache [C:\Users\Harish kumar\.wdm\drivers\chromedriver\win64\116.0.5845.96]
2023-08-17 20:54:29,620 :INFO : WDM :====== WebDriver manager ======
2023-08-17 20:54:30,632 :INFO : WDM :Get LATEST chromedriver version for google-chrome
2023-08-17 20:54:30,633 :INFO : WDM :Get LATEST chromedriver version for google-chrome
2023-08-17 20:54:30,634 :INFO : WDM :There is no [win64] chromedriver "116.0.5845.96" for browser google-chrome "116.0.5845.96" in cache
2023-08-17 20:54:30,634 :INFO : WDM :Get LATEST chromedriver version for google-chrome
2023-08-17 20:54:30,775 :INFO : WDM :WebDriver version 116.0.5845.96 selected
2023-08-17 20:54:30,777 :INFO : WDM :Modern chrome version https://edgedl.me.gvt1.com/edgedl/chrome/chrome-for-testing/116.0.5845.96/win32/chromedriver-win32.zip
2023-08-17 20:54:30,777 :INFO : WDM :About to download new driver from https://edgedl.me.gvt1.com/edgedl/chrome/chrome-for-testing/116.0.5845.96/win32/chromedriver-win32.zip
2023-08-17 20:54:31,328 :INFO : WDM :Driver downloading response is 200
2023-08-17 20:54:32,551 :INFO : WDM :Get LATEST chromedriver version for google-chrome
2023-08-17 20:54:32,640 :INFO : WDM :Driver has been saved in cache [C:\Users\Harish kumar\.wdm\drivers\chromedriver\win64\116.0.5845.96]
2023-08-20 14:56:35,069 :INFO : WDM :====== WebDriver manager ======
2023-08-20 14:56:35,847 :INFO : WDM :Get LATEST chromedriver version for google-chrome
2023-08-20 14:56:35,853 :INFO : WDM :Get LATEST chromedriver version for google-chrome
2023-08-20 14:56:35,853 :INFO : WDM :There is no [win64] chromedriver "116.0.5845.96" for browser google-chrome "116.0.5845.96" in cache
2023-08-20 14:56:35,853 :INFO : WDM :Get LATEST chromedriver version for google-chrome
2023-08-20 14:56:36,036 :INFO : WDM :WebDriver version 116.0.5845.96 selected
2023-08-20 14:56:36,038 :INFO : WDM :Modern chrome version https://edgedl.me.gvt1.com/edgedl/chrome/chrome-for-testing/116.0.5845.96/win32/chromedriver-win32.zip
2023-08-20 14:56:36,038 :INFO : WDM :About to download new driver from https://edgedl.me.gvt1.com/edgedl/chrome/chrome-for-testing/116.0.5845.96/win32/chromedriver-win32.zip
2023-08-20 14:56:36,233 :INFO : WDM :Driver downloading response is 200
2023-08-20 14:56:37,290 :INFO : WDM :Get LATEST chromedriver version for google-chrome
2023-08-20 14:56:37,369 :INFO : WDM :Driver has been saved in cache [C:\Users\Harish kumar\.wdm\drivers\chromedriver\win64\116.0.5845.96]
2023-08-20 14:56:40,042 :INFO : root :****Verifying home page title****
2023-08-20 14:56:40,222 :INFO : root :****Home page titile passed****
2023-08-20 14:56:42,353 :INFO : WDM :====== WebDriver manager ======
2023-08-20 14:56:43,045 :INFO : WDM :Get LATEST chromedriver version for google-chrome
2023-08-20 14:56:43,050 :INFO : WDM :Get LATEST chromedriver version for google-chrome
2023-08-20 14:56:43,050 :INFO : WDM :There is no [win64] chromedriver "116.0.5845.96" for browser google-chrome "116.0.5845.96" in cache
2023-08-20 14:56:43,050 :INFO : WDM :Get LATEST chromedriver version for google-chrome
2023-08-20 14:56:43,150 :INFO : WDM :WebDriver version 116.0.5845.96 selected
2023-08-20 14:56:43,151 :INFO : WDM :Modern chrome version https://edgedl.me.gvt1.com/edgedl/chrome/chrome-for-testing/116.0.5845.96/win32/chromedriver-win32.zip
2023-08-20 14:56:43,151 :INFO : WDM :About to download new driver from https://edgedl.me.gvt1.com/edgedl/chrome/chrome-for-testing/116.0.5845.96/win32/chromedriver-win32.zip
2023-08-20 14:56:43,314 :INFO : WDM :Driver downloading response is 200
2023-08-20 14:56:43,977 :INFO : WDM :Get LATEST chromedriver version for google-chrome
2023-08-20 14:56:44,052 :INFO : WDM :Driver has been saved in cache [C:\Users\Harish kumar\.wdm\drivers\chromedriver\win64\116.0.5845.96]
2023-08-20 14:56:54,621 :INFO : WDM :====== WebDriver manager ======
2023-08-20 14:56:55,290 :INFO : WDM :Get LATEST chromedriver version for google-chrome
2023-08-20 14:56:55,291 :INFO : WDM :Get LATEST chromedriver version for google-chrome
2023-08-20 14:56:55,291 :INFO : WDM :There is no [win64] chromedriver "116.0.5845.96" for browser google-chrome "116.0.5845.96" in cache
2023-08-20 14:56:55,292 :INFO : WDM :Get LATEST chromedriver version for google-chrome
2023-08-20 14:56:55,394 :INFO : WDM :WebDriver version 116.0.5845.96 selected
2023-08-20 14:56:55,397 :INFO : WDM :Modern chrome version https://edgedl.me.gvt1.com/edgedl/chrome/chrome-for-testing/116.0.5845.96/win32/chromedriver-win32.zip
2023-08-20 14:56:55,397 :INFO : WDM :About to download new driver from https://edgedl.me.gvt1.com/edgedl/chrome/chrome-for-testing/116.0.5845.96/win32/chromedriver-win32.zip
2023-08-20 14:56:55,586 :INFO : WDM :Driver downloading response is 200
2023-08-20 14:56:56,221 :INFO : WDM :Get LATEST chromedriver version for google-chrome
2023-08-20 14:56:56,331 :INFO : WDM :Driver has been saved in cache [C:\Users\Harish kumar\.wdm\drivers\chromedriver\win64\116.0.5845.96]
2023-08-20 15:15:04,305 :INFO : WDM :====== WebDriver manager ======
2023-08-20 15:15:04,958 :INFO : WDM :Get LATEST chromedriver version for google-chrome
2023-08-20 15:15:04,959 :INFO : WDM :Get LATEST chromedriver version for google-chrome
2023-08-20 15:15:04,959 :INFO : WDM :There is no [win64] chromedriver "116.0.5845.97" for browser google-chrome "116.0.5845.97" in cache
2023-08-20 15:15:04,959 :INFO : WDM :Get LATEST chromedriver version for google-chrome
2023-08-20 15:15:05,073 :INFO : WDM :WebDriver version 116.0.5845.96 selected
2023-08-20 15:15:05,075 :INFO : WDM :Modern chrome version https://edgedl.me.gvt1.com/edgedl/chrome/chrome-for-testing/116.0.5845.96/win32/chromedriver-win32.zip
2023-08-20 15:15:05,075 :INFO : WDM :About to download new driver from https://edgedl.me.gvt1.com/edgedl/chrome/chrome-for-testing/116.0.5845.96/win32/chromedriver-win32.zip
2023-08-20 15:15:05,293 :INFO : WDM :Driver downloading response is 200
2023-08-20 15:15:05,997 :INFO : WDM :Get LATEST chromedriver version for google-chrome
2023-08-20 15:15:06,071 :INFO : WDM :Driver has been saved in cache [C:\Users\Harish kumar\.wdm\drivers\chromedriver\win64\116.0.5845.97]
2023-08-20 15:15:06,244 :INFO : WDM :====== WebDriver manager ======
2023-08-20 15:15:06,886 :INFO : WDM :Get LATEST chromedriver version for google-chrome
2023-08-20 15:15:06,890 :INFO : WDM :Get LATEST chromedriver version for google-chrome
2023-08-20 15:15:06,891 :INFO : WDM :There is no [win64] chromedriver "116.0.5845.97" for browser google-chrome "116.0.5845.97" in cache
2023-08-20 15:15:06,891 :INFO : WDM :Get LATEST chromedriver version for google-chrome
2023-08-20 15:15:06,981 :INFO : WDM :WebDriver version 116.0.5845.96 selected
2023-08-20 15:15:06,983 :INFO : WDM :Modern chrome version https://edgedl.me.gvt1.com/edgedl/chrome/chrome-for-testing/116.0.5845.96/win32/chromedriver-win32.zip
2023-08-20 15:15:06,983 :INFO : WDM :About to download new driver from https://edgedl.me.gvt1.com/edgedl/chrome/chrome-for-testing/116.0.5845.96/win32/chromedriver-win32.zip
2023-08-20 15:15:07,172 :INFO : WDM :Driver downloading response is 200
2023-08-20 15:15:07,663 :INFO : WDM :Get LATEST chromedriver version for google-chrome
2023-08-20 15:15:07,737 :INFO : WDM :Driver has been saved in cache [C:\Users\Harish kumar\.wdm\drivers\chromedriver\win64\116.0.5845.97]
2023-08-20 15:15:07,763 :INFO : WDM :====== WebDriver manager ======
2023-08-20 15:15:08,393 :INFO : WDM :Get LATEST chromedriver version for google-chrome
2023-08-20 15:15:08,394 :INFO : WDM :Get LATEST chromedriver version for google-chrome
2023-08-20 15:15:08,394 :INFO : WDM :There is no [win64] chromedriver "116.0.5845.97" for browser google-chrome "116.0.5845.97" in cache
2023-08-20 15:15:08,394 :INFO : WDM :Get LATEST chromedriver version for google-chrome
2023-08-20 15:15:08,498 :INFO : WDM :WebDriver version 116.0.5845.96 selected
2023-08-20 15:15:08,500 :INFO : WDM :Modern chrome version https://edgedl.me.gvt1.com/edgedl/chrome/chrome-for-testing/116.0.5845.96/win32/chromedriver-win32.zip
2023-08-20 15:15:08,500 :INFO : WDM :About to download new driver from https://edgedl.me.gvt1.com/edgedl/chrome/chrome-for-testing/116.0.5845.96/win32/chromedriver-win32.zip
2023-08-20 15:15:08,684 :INFO : WDM :Driver downloading response is 200
2023-08-20 15:15:09,313 :INFO : WDM :Get LATEST chromedriver version for google-chrome
2023-08-20 15:15:09,389 :INFO : WDM :Driver has been saved in cache [C:\Users\Harish kumar\.wdm\drivers\chromedriver\win64\116.0.5845.97]
2023-08-20 15:15:27,654 :INFO : WDM :====== WebDriver manager ======
2023-08-20 15:15:28,294 :INFO : WDM :Get LATEST chromedriver version for google-chrome
2023-08-20 15:15:28,295 :INFO : WDM :Get LATEST chromedriver version for google-chrome
2023-08-20 15:15:28,295 :INFO : WDM :There is no [win64] chromedriver "116.0.5845.97" for browser google-chrome "116.0.5845.97" in cache
2023-08-20 15:15:28,295 :INFO : WDM :Get LATEST chromedriver version for google-chrome
2023-08-20 15:15:28,413 :INFO : WDM :WebDriver version 116.0.5845.96 selected
2023-08-20 15:15:28,416 :INFO : WDM :Modern chrome version https://edgedl.me.gvt1.com/edgedl/chrome/chrome-for-testing/116.0.5845.96/win32/chromedriver-win32.zip
2023-08-20 15:15:28,417 :INFO : WDM :About to download new driver from https://edgedl.me.gvt1.com/edgedl/chrome/chrome-for-testing/116.0.5845.96/win32/chromedriver-win32.zip
2023-08-20 15:15:28,701 :INFO : WDM :Driver downloading response is 200
2023-08-20 15:15:29,299 :INFO : WDM :Get LATEST chromedriver version for google-chrome
2023-08-20 15:15:29,374 :INFO : WDM :Driver has been saved in cache [C:\Users\Harish kumar\.wdm\drivers\chromedriver\win64\116.0.5845.97]
2023-08-20 15:15:32,007 :INFO : root :****Verifying home page title****
2023-08-20 15:15:32,244 :INFO : root :****Home page titile passed****
2023-08-20 15:15:34,384 :INFO : WDM :====== WebDriver manager ======
2023-08-20 15:15:35,047 :INFO : WDM :Get LATEST chromedriver version for google-chrome
2023-08-20 15:15:35,048 :INFO : WDM :Get LATEST chromedriver version for google-chrome
2023-08-20 15:15:35,048 :INFO : WDM :There is no [win64] chromedriver "116.0.5845.97" for browser google-chrome "116.0.5845.97" in cache
2023-08-20 15:15:35,048 :INFO : WDM :Get LATEST chromedriver version for google-chrome
2023-08-20 15:15:35,153 :INFO : WDM :WebDriver version 116.0.5845.96 selected
2023-08-20 15:15:35,155 :INFO : WDM :Modern chrome version https://edgedl.me.gvt1.com/edgedl/chrome/chrome-for-testing/116.0.5845.96/win32/chromedriver-win32.zip
2023-08-20 15:15:35,155 :INFO : WDM :About to download new driver from https://edgedl.me.gvt1.com/edgedl/chrome/chrome-for-testing/116.0.5845.96/win32/chromedriver-win32.zip
2023-08-20 15:15:35,326 :INFO : WDM :Driver downloading response is 200
2023-08-20 15:15:35,918 :INFO : WDM :Get LATEST chromedriver version for google-chrome
2023-08-20 15:15:35,998 :INFO : WDM :Driver has been saved in cache [C:\Users\Harish kumar\.wdm\drivers\chromedriver\win64\116.0.5845.97]
2023-08-20 15:15:47,375 :INFO : WDM :====== WebDriver manager ======
2023-08-20 15:15:48,074 :INFO : WDM :Get LATEST chromedriver version for google-chrome
2023-08-20 15:15:48,075 :INFO : WDM :Get LATEST chromedriver version for google-chrome
2023-08-20 15:15:48,075 :INFO : WDM :There is no [win64] chromedriver "116.0.5845.97" for browser google-chrome "116.0.5845.97" in cache
2023-08-20 15:15:48,075 :INFO : WDM :Get LATEST chromedriver version for google-chrome
2023-08-20 15:15:48,182 :INFO : WDM :WebDriver version 116.0.5845.96 selected
2023-08-20 15:15:48,183 :INFO : WDM :Modern chrome version https://edgedl.me.gvt1.com/edgedl/chrome/chrome-for-testing/116.0.5845.96/win32/chromedriver-win32.zip
2023-08-20 15:15:48,184 :INFO : WDM :About to download new driver from https://edgedl.me.gvt1.com/edgedl/chrome/chrome-for-testing/116.0.5845.96/win32/chromedriver-win32.zip
2023-08-20 15:15:48,334 :INFO : WDM :Driver downloading response is 200
2023-08-20 15:15:48,996 :INFO : WDM :Get LATEST chromedriver version for google-chrome
2023-08-20 15:15:49,071 :INFO : WDM :Driver has been saved in cache [C:\Users\Harish kumar\.wdm\drivers\chromedriver\win64\116.0.5845.97]
2023-08-20 19:26:47,415 :INFO : WDM :====== WebDriver manager ======
2023-08-20 19:26:48,405 :INFO : WDM :Get LATEST chromedriver version for google-chrome
2023-08-20 19:26:48,407 :INFO : WDM :Get LATEST chromedriver version for google-chrome
2023-08-20 19:26:48,407 :INFO : WDM :There is no [win64] chromedriver "116.0.5845.97" for browser google-chrome "116.0.5845.97" in cache
2023-08-20 19:26:48,407 :INFO : WDM :Get LATEST chromedriver version for google-chrome
2023-08-20 19:26:48,548 :INFO : WDM :WebDriver version 116.0.5845.96 selected
2023-08-20 19:26:48,550 :INFO : WDM :Modern chrome version https://edgedl.me.gvt1.com/edgedl/chrome/chrome-for-testing/116.0.5845.96/win32/chromedriver-win32.zip
2023-08-20 19:26:48,550 :INFO : WDM :About to download new driver from https://edgedl.me.gvt1.com/edgedl/chrome/chrome-for-testing/116.0.5845.96/win32/chromedriver-win32.zip
2023-08-20 19:26:48,712 :INFO : WDM :Driver downloading response is 200
2023-08-20 19:26:49,312 :INFO : WDM :Get LATEST chromedriver version for google-chrome
2023-08-20 19:26:49,392 :INFO : WDM :Driver has been saved in cache [C:\Users\Harish kumar\.wdm\drivers\chromedriver\win64\116.0.5845.97]
2023-08-20 19:26:53,949 :INFO : root :****Verifying home page title****
2023-08-20 19:26:54,116 :INFO : root :****Home page titile passed****
2023-08-20 19:26:56,297 :INFO : WDM :====== WebDriver manager ======
2023-08-20 19:26:57,164 :INFO : WDM :Get LATEST chromedriver version for google-chrome
2023-08-20 19:26:57,165 :INFO : WDM :Get LATEST chromedriver version for google-chrome
2023-08-20 19:26:57,165 :INFO : WDM :There is no [win64] chromedriver "116.0.5845.97" for browser google-chrome "116.0.5845.97" in cache
2023-08-20 19:26:57,165 :INFO : WDM :Get LATEST chromedriver version for google-chrome
2023-08-20 19:26:57,304 :INFO : WDM :WebDriver version 116.0.5845.96 selected
2023-08-20 19:26:57,305 :INFO : WDM :Modern chrome version https://edgedl.me.gvt1.com/edgedl/chrome/chrome-for-testing/116.0.5845.96/win32/chromedriver-win32.zip
2023-08-20 19:26:57,305 :INFO : WDM :About to download new driver from https://edgedl.me.gvt1.com/edgedl/chrome/chrome-for-testing/116.0.5845.96/win32/chromedriver-win32.zip
2023-08-20 19:26:57,474 :INFO : WDM :Driver downloading response is 200
2023-08-20 19:26:58,055 :INFO : WDM :Get LATEST chromedriver version for google-chrome
2023-08-20 19:26:58,134 :INFO : WDM :Driver has been saved in cache [C:\Users\Harish kumar\.wdm\drivers\chromedriver\win64\116.0.5845.97]
2023-08-20 19:27:10,148 :INFO : WDM :====== WebDriver manager ======
2023-08-20 19:27:11,244 :INFO : WDM :Get LATEST chromedriver version for google-chrome
2023-08-20 19:27:11,245 :INFO : WDM :Get LATEST chromedriver version for google-chrome
2023-08-20 19:27:11,245 :INFO : WDM :There is no [win64] chromedriver "116.0.5845.97" for browser google-chrome "116.0.5845.97" in cache
2023-08-20 19:27:11,245 :INFO : WDM :Get LATEST chromedriver version for google-chrome
2023-08-20 19:27:11,349 :INFO : WDM :WebDriver version 116.0.5845.96 selected
2023-08-20 19:27:11,353 :INFO : WDM :Modern chrome version https://edgedl.me.gvt1.com/edgedl/chrome/chrome-for-testing/116.0.5845.96/win32/chromedriver-win32.zip
2023-08-20 19:27:11,353 :INFO : WDM :About to download new driver from https://edgedl.me.gvt1.com/edgedl/chrome/chrome-for-testing/116.0.5845.96/win32/chromedriver-win32.zip
2023-08-20 19:27:11,511 :INFO : WDM :Driver downloading response is 200
2023-08-20 19:27:12,080 :INFO : WDM :Get LATEST chromedriver version for google-chrome
2023-08-20 19:27:12,168 :INFO : WDM :Driver has been saved in cache [C:\Users\Harish kumar\.wdm\drivers\chromedriver\win64\116.0.5845.97]
2023-08-20 19:40:48,852 :INFO : WDM :====== WebDriver manager ======
2023-08-20 19:40:49,875 :INFO : WDM :Get LATEST chromedriver version for google-chrome
2023-08-20 19:40:49,877 :INFO : WDM :Get LATEST chromedriver version for google-chrome
2023-08-20 19:40:49,877 :INFO : WDM :There is no [win64] chromedriver "116.0.5845.97" for browser google-chrome "116.0.5845.97" in cache
2023-08-20 19:40:49,877 :INFO : WDM :Get LATEST chromedriver version for google-chrome
2023-08-20 19:40:49,995 :INFO : WDM :WebDriver version 116.0.5845.96 selected
2023-08-20 19:40:49,996 :INFO : WDM :Modern chrome version https://edgedl.me.gvt1.com/edgedl/chrome/chrome-for-testing/116.0.5845.96/win32/chromedriver-win32.zip
2023-08-20 19:40:49,997 :INFO : WDM :About to download new driver from https://edgedl.me.gvt1.com/edgedl/chrome/chrome-for-testing/116.0.5845.96/win32/chromedriver-win32.zip
2023-08-20 19:40:50,196 :INFO : WDM :Driver downloading response is 200
2023-08-20 19:40:50,785 :INFO : WDM :Get LATEST chromedriver version for google-chrome
2023-08-20 19:40:50,876 :INFO : WDM :Driver has been saved in cache [C:\Users\Harish kumar\.wdm\drivers\chromedriver\win64\116.0.5845.97]
2023-08-20 19:40:57,165 :INFO : root :****Verifying home page title****
2023-08-20 19:40:57,283 :INFO : root :****Home page title passed****
2023-08-20 20:27:23,873 :INFO : WDM :====== WebDriver manager ======
2023-08-20 20:27:24,552 :INFO : WDM :Get LATEST chromedriver version for google-chrome
2023-08-20 20:27:24,553 :INFO : WDM :Get LATEST chromedriver version for google-chrome
2023-08-20 20:27:24,553 :INFO : WDM :There is no [win64] chromedriver "116.0.5845.97" for browser google-chrome "116.0.5845.97" in cache
2023-08-20 20:27:24,553 :INFO : WDM :Get LATEST chromedriver version for google-chrome
2023-08-20 20:27:24,681 :INFO : WDM :WebDriver version 116.0.5845.96 selected
2023-08-20 20:27:24,683 :INFO : WDM :Modern chrome version https://edgedl.me.gvt1.com/edgedl/chrome/chrome-for-testing/116.0.5845.96/win32/chromedriver-win32.zip
2023-08-20 20:27:24,684 :INFO : WDM :About to download new driver from https://edgedl.me.gvt1.com/edgedl/chrome/chrome-for-testing/116.0.5845.96/win32/chromedriver-win32.zip
2023-08-20 20:27:24,842 :INFO : WDM :Driver downloading response is 200
2023-08-20 20:27:25,413 :INFO : WDM :Get LATEST chromedriver version for google-chrome
2023-08-20 20:27:25,489 :INFO : WDM :Driver has been saved in cache [C:\Users\Harish kumar\.wdm\drivers\chromedriver\win64\116.0.5845.97]
2023-08-20 20:27:30,859 :INFO : root :****Verifying home page title****
2023-08-20 20:27:30,970 :INFO : root :****Home page title passed****
2023-08-20 20:28:37,198 :INFO : WDM :====== WebDriver manager ======
2023-08-20 20:28:37,850 :INFO : WDM :Get LATEST chromedriver version for google-chrome
2023-08-20 20:28:37,851 :INFO : WDM :Get LATEST chromedriver version for google-chrome
2023-08-20 20:28:37,851 :INFO : WDM :There is no [win64] chromedriver "116.0.5845.97" for browser google-chrome "116.0.5845.97" in cache
2023-08-20 20:28:37,851 :INFO : WDM :Get LATEST chromedriver version for google-chrome
2023-08-20 20:28:37,962 :INFO : WDM :WebDriver version 116.0.5845.96 selected
2023-08-20 20:28:37,964 :INFO : WDM :Modern chrome version https://edgedl.me.gvt1.com/edgedl/chrome/chrome-for-testing/116.0.5845.96/win32/chromedriver-win32.zip
2023-08-20 20:28:37,964 :INFO : WDM :About to download new driver from https://edgedl.me.gvt1.com/edgedl/chrome/chrome-for-testing/116.0.5845.96/win32/chromedriver-win32.zip
2023-08-20 20:28:38,138 :INFO : WDM :Driver downloading response is 200
2023-08-20 20:28:38,736 :INFO : WDM :Get LATEST chromedriver version for google-chrome
2023-08-20 20:28:38,812 :INFO : WDM :Driver has been saved in cache [C:\Users\Harish kumar\.wdm\drivers\chromedriver\win64\116.0.5845.97]
2023-08-20 20:28:44,156 :INFO : root :****Verifying home page title****
2023-08-20 20:28:44,290 :INFO : root :****Home page title passed****
2023-08-20 20:28:46,424 :INFO : WDM :====== WebDriver manager ======
2023-08-20 20:28:47,077 :INFO : WDM :Get LATEST chromedriver version for google-chrome
2023-08-20 20:28:47,078 :INFO : WDM :Get LATEST chromedriver version for google-chrome
2023-08-20 20:28:47,078 :INFO : WDM :There is no [win64] chromedriver "116.0.5845.97" for browser google-chrome "116.0.5845.97" in cache
2023-08-20 20:28:47,078 :INFO : WDM :Get LATEST chromedriver version for google-chrome
2023-08-20 20:28:47,164 :INFO : WDM :WebDriver version 116.0.5845.96 selected
2023-08-20 20:28:47,165 :INFO : WDM :Modern chrome version https://edgedl.me.gvt1.com/edgedl/chrome/chrome-for-testing/116.0.5845.96/win32/chromedriver-win32.zip
2023-08-20 20:28:47,165 :INFO : WDM :About to download new driver from https://edgedl.me.gvt1.com/edgedl/chrome/chrome-for-testing/116.0.5845.96/win32/chromedriver-win32.zip
2023-08-20 20:28:47,407 :INFO : WDM :Driver downloading response is 200
2023-08-20 20:28:48,030 :INFO : WDM :Get LATEST chromedriver version for google-chrome
2023-08-20 20:28:48,107 :INFO : WDM :Driver has been saved in cache [C:\Users\Harish kumar\.wdm\drivers\chromedriver\win64\116.0.5845.97]
2023-08-20 20:30:11,371 :INFO : WDM :====== WebDriver manager ======
2023-08-20 20:30:12,024 :INFO : WDM :Get LATEST chromedriver version for google-chrome
2023-08-20 20:30:12,025 :INFO : WDM :Get LATEST chromedriver version for google-chrome
2023-08-20 20:30:12,025 :INFO : WDM :There is no [win64] chromedriver "116.0.5845.97" for browser google-chrome "116.0.5845.97" in cache
2023-08-20 20:30:12,025 :INFO : WDM :Get LATEST chromedriver version for google-chrome
2023-08-20 20:30:12,118 :INFO : WDM :WebDriver version 116.0.5845.96 selected
2023-08-20 20:30:12,120 :INFO : WDM :Modern chrome version https://edgedl.me.gvt1.com/edgedl/chrome/chrome-for-testing/116.0.5845.96/win32/chromedriver-win32.zip
2023-08-20 20:30:12,120 :INFO : WDM :About to download new driver from https://edgedl.me.gvt1.com/edgedl/chrome/chrome-for-testing/116.0.5845.96/win32/chromedriver-win32.zip
2023-08-20 20:30:12,327 :INFO : WDM :Driver downloading response is 200
2023-08-20 20:30:12,915 :INFO : WDM :Get LATEST chromedriver version for google-chrome
2023-08-20 20:30:12,992 :INFO : WDM :Driver has been saved in cache [C:\Users\Harish kumar\.wdm\drivers\chromedriver\win64\116.0.5845.97]
2023-08-20 20:30:18,339 :INFO : root :****Verifying home page title****
2023-08-20 20:30:18,445 :INFO : root :****Home page title passed****
2023-08-20 20:30:20,570 :INFO : WDM :====== WebDriver manager ======
2023-08-20 20:30:21,199 :INFO : WDM :Get LATEST chromedriver version for google-chrome
2023-08-20 20:30:21,200 :INFO : WDM :Get LATEST chromedriver version for google-chrome
2023-08-20 20:30:21,200 :INFO : WDM :There is no [win64] chromedriver "116.0.5845.97" for browser google-chrome "116.0.5845.97" in cache
2023-08-20 20:30:21,200 :INFO : WDM :Get LATEST chromedriver version for google-chrome
2023-08-20 20:30:21,284 :INFO : WDM :WebDriver version 116.0.5845.96 selected
2023-08-20 20:30:21,285 :INFO : WDM :Modern chrome version https://edgedl.me.gvt1.com/edgedl/chrome/chrome-for-testing/116.0.5845.96/win32/chromedriver-win32.zip
2023-08-20 20:30:21,285 :INFO : WDM :About to download new driver from https://edgedl.me.gvt1.com/edgedl/chrome/chrome-for-testing/116.0.5845.96/win32/chromedriver-win32.zip
2023-08-20 20:30:21,401 :INFO : WDM :Driver downloading response is 200
2023-08-20 20:30:21,968 :INFO : WDM :Get LATEST chromedriver version for google-chrome
2023-08-20 20:30:22,044 :INFO : WDM :Driver has been saved in cache [C:\Users\Harish kumar\.wdm\drivers\chromedriver\win64\116.0.5845.97]
2023-08-20 20:35:32,557 :INFO : WDM :====== WebDriver manager ======
2023-08-20 20:35:33,229 :INFO : WDM :Get LATEST chromedriver version for google-chrome
2023-08-20 20:35:33,230 :INFO : WDM :Get LATEST chromedriver version for google-chrome
2023-08-20 20:35:33,230 :INFO : WDM :There is no [win64] chromedriver "116.0.5845.97" for browser google-chrome "116.0.5845.97" in cache
2023-08-20 20:35:33,230 :INFO : WDM :Get LATEST chromedriver version for google-chrome
2023-08-20 20:35:33,312 :INFO : WDM :WebDriver version 116.0.5845.96 selected
2023-08-20 20:35:33,314 :INFO : WDM :Modern chrome version https://edgedl.me.gvt1.com/edgedl/chrome/chrome-for-testing/116.0.5845.96/win32/chromedriver-win32.zip
2023-08-20 20:35:33,314 :INFO : WDM :About to download new driver from https://edgedl.me.gvt1.com/edgedl/chrome/chrome-for-testing/116.0.5845.96/win32/chromedriver-win32.zip
2023-08-20 20:35:33,677 :INFO : WDM :Driver downloading response is 200
2023-08-20 20:35:35,120 :INFO : WDM :Get LATEST chromedriver version for google-chrome
2023-08-20 20:35:35,196 :INFO : WDM :Driver has been saved in cache [C:\Users\Harish kumar\.wdm\drivers\chromedriver\win64\116.0.5845.97]
2023-08-20 20:35:40,627 :INFO : root :****Verifying home page title****
2023-08-20 20:35:40,731 :INFO : root :****Home page title passed****
2023-08-20 20:35:42,888 :INFO : WDM :====== WebDriver manager ======
2023-08-20 20:35:43,567 :INFO : WDM :Get LATEST chromedriver version for google-chrome
2023-08-20 20:35:43,568 :INFO : WDM :Get LATEST chromedriver version for google-chrome
2023-08-20 20:35:43,569 :INFO : WDM :There is no [win64] chromedriver "116.0.5845.97" for browser google-chrome "116.0.5845.97" in cache
2023-08-20 20:35:43,569 :INFO : WDM :Get LATEST chromedriver version for google-chrome
2023-08-20 20:35:43,658 :INFO : WDM :WebDriver version 116.0.5845.96 selected
2023-08-20 20:35:43,659 :INFO : WDM :Modern chrome version https://edgedl.me.gvt1.com/edgedl/chrome/chrome-for-testing/116.0.5845.96/win32/chromedriver-win32.zip
2023-08-20 20:35:43,660 :INFO : WDM :About to download new driver from https://edgedl.me.gvt1.com/edgedl/chrome/chrome-for-testing/116.0.5845.96/win32/chromedriver-win32.zip
2023-08-20 20:35:43,815 :INFO : WDM :Driver downloading response is 200
2023-08-20 20:35:44,340 :INFO : WDM :Get LATEST chromedriver version for google-chrome
2023-08-20 20:35:44,416 :INFO : WDM :Driver has been saved in cache [C:\Users\Harish kumar\.wdm\drivers\chromedriver\win64\116.0.5845.97]
2023-08-20 20:37:42,556 :INFO : WDM :====== WebDriver manager ======
2023-08-20 20:37:43,293 :INFO : WDM :Get LATEST chromedriver version for google-chrome
2023-08-20 20:37:43,294 :INFO : WDM :Get LATEST chromedriver version for google-chrome
2023-08-20 20:37:43,294 :INFO : WDM :There is no [win64] chromedriver "116.0.5845.97" for browser google-chrome "116.0.5845.97" in cache
2023-08-20 20:37:43,294 :INFO : WDM :Get LATEST chromedriver version for google-chrome
2023-08-20 20:37:43,375 :INFO : WDM :WebDriver version 116.0.5845.96 selected
2023-08-20 20:37:43,376 :INFO : WDM :Modern chrome version https://edgedl.me.gvt1.com/edgedl/chrome/chrome-for-testing/116.0.5845.96/win32/chromedriver-win32.zip
2023-08-20 20:37:43,377 :INFO : WDM :About to download new driver from https://edgedl.me.gvt1.com/edgedl/chrome/chrome-for-testing/116.0.5845.96/win32/chromedriver-win32.zip
2023-08-20 20:37:43,781 :INFO : WDM :Driver downloading response is 200
2023-08-20 20:37:44,353 :INFO : WDM :Get LATEST chromedriver version for google-chrome
2023-08-20 20:37:44,431 :INFO : WDM :Driver has been saved in cache [C:\Users\Harish kumar\.wdm\drivers\chromedriver\win64\116.0.5845.97]
2023-08-20 20:37:49,926 :INFO : root :****Verifying home page title****
2023-08-20 20:37:50,042 :INFO : root :****Home page title passed****
2023-08-20 20:37:52,156 :INFO : WDM :====== WebDriver manager ======
2023-08-20 20:37:52,899 :INFO : WDM :Get LATEST chromedriver version for google-chrome
2023-08-20 20:37:52,900 :INFO : WDM :Get LATEST chromedriver version for google-chrome
2023-08-20 20:37:52,900 :INFO : WDM :There is no [win64] chromedriver "116.0.5845.97" for browser google-chrome "116.0.5845.97" in cache
2023-08-20 20:37:52,900 :INFO : WDM :Get LATEST chromedriver version for google-chrome
2023-08-20 20:37:52,991 :INFO : WDM :WebDriver version 116.0.5845.96 selected
2023-08-20 20:37:52,993 :INFO : WDM :Modern chrome version https://edgedl.me.gvt1.com/edgedl/chrome/chrome-for-testing/116.0.5845.96/win32/chromedriver-win32.zip
2023-08-20 20:37:52,993 :INFO : WDM :About to download new driver from https://edgedl.me.gvt1.com/edgedl/chrome/chrome-for-testing/116.0.5845.96/win32/chromedriver-win32.zip
2023-08-20 20:37:53,133 :INFO : WDM :Driver downloading response is 200
2023-08-20 20:37:53,708 :INFO : WDM :Get LATEST chromedriver version for google-chrome
2023-08-20 20:37:53,787 :INFO : WDM :Driver has been saved in cache [C:\Users\Harish kumar\.wdm\drivers\chromedriver\win64\116.0.5845.97]
2023-08-20 20:39:39,308 :INFO : WDM :====== WebDriver manager ======
2023-08-20 20:39:40,078 :INFO : WDM :Get LATEST chromedriver version for google-chrome
2023-08-20 20:39:40,083 :INFO : WDM :Get LATEST chromedriver version for google-chrome
2023-08-20 20:39:40,084 :INFO : WDM :There is no [win64] chromedriver "116.0.5845.97" for browser google-chrome "116.0.5845.97" in cache
2023-08-20 20:39:40,084 :INFO : WDM :Get LATEST chromedriver version for google-chrome
2023-08-20 20:39:40,179 :INFO : WDM :WebDriver version 116.0.5845.96 selected
2023-08-20 20:39:40,181 :INFO : WDM :Modern chrome version https://edgedl.me.gvt1.com/edgedl/chrome/chrome-for-testing/116.0.5845.96/win32/chromedriver-win32.zip
2023-08-20 20:39:40,181 :INFO : WDM :About to download new driver from https://edgedl.me.gvt1.com/edgedl/chrome/chrome-for-testing/116.0.5845.96/win32/chromedriver-win32.zip
2023-08-20 20:39:40,404 :INFO : WDM :Driver downloading response is 200
2023-08-20 20:39:41,073 :INFO : WDM :Get LATEST chromedriver version for google-chrome
2023-08-20 20:39:41,150 :INFO : WDM :Driver has been saved in cache [C:\Users\Harish kumar\.wdm\drivers\chromedriver\win64\116.0.5845.97]
2023-08-20 20:39:46,641 :INFO : root :****Verifying home page title****
2023-08-20 20:39:46,774 :INFO : root :****Home page title passed****
2023-08-20 20:39:48,889 :INFO : WDM :====== WebDriver manager ======
2023-08-20 20:39:49,618 :INFO : WDM :Get LATEST chromedriver version for google-chrome
2023-08-20 20:39:49,619 :INFO : WDM :Get LATEST chromedriver version for google-chrome
2023-08-20 20:39:49,619 :INFO : WDM :There is no [win64] chromedriver "116.0.5845.97" for browser google-chrome "116.0.5845.97" in cache
2023-08-20 20:39:49,619 :INFO : WDM :Get LATEST chromedriver version for google-chrome
2023-08-20 20:39:49,712 :INFO : WDM :WebDriver version 116.0.5845.96 selected
2023-08-20 20:39:49,713 :INFO : WDM :Modern chrome version https://edgedl.me.gvt1.com/edgedl/chrome/chrome-for-testing/116.0.5845.96/win32/chromedriver-win32.zip
2023-08-20 20:39:49,713 :INFO : WDM :About to download new driver from https://edgedl.me.gvt1.com/edgedl/chrome/chrome-for-testing/116.0.5845.96/win32/chromedriver-win32.zip
2023-08-20 20:39:49,986 :INFO : WDM :Driver downloading response is 200
2023-08-20 20:39:50,564 :INFO : WDM :Get LATEST chromedriver version for google-chrome
2023-08-20 20:39:50,666 :INFO : WDM :Driver has been saved in cache [C:\Users\Harish kumar\.wdm\drivers\chromedriver\win64\116.0.5845.97]
